

Version:	3.14
CmdLine:	C:\Users\DELL™\Documents\Sqllites\test.exe --l4j-debug
WOW64:		yes
Working dir:	C:\Users\DELL™\Documents\Sqllites\.
Java min ver:	1.008.000
Java max ver:	
64-bit search:	SOFTWARE\JavaSoft\Java Runtime Environment...
Check:		SOFTWARE\JavaSoft\Java Runtime Environment\1.8
Check launcher:	D:\software\bin\javaw.exe (OK)
Match:		1.008.000
Check:		SOFTWARE\JavaSoft\Java Runtime Environment\1.8.0_281
Check launcher:	D:\software\bin\javaw.exe (OK)
Match:		1.008.000_281
64-bit search:	SOFTWARE\JavaSoft\Java Development Kit...
Check:		SOFTWARE\JavaSoft\Java Development Kit\1.8
Ignore:		1.008.000
Check:		SOFTWARE\JavaSoft\Java Development Kit\1.8.0_281
Ignore:		1.008.000_281
64-bit search:	SOFTWARE\JavaSoft\JRE...
64-bit search:	SOFTWARE\JavaSoft\JDK...
Runtime used:	1.008.000_281 (64-bit)
Launcher:	D:\software\bin\javaw.exe
Launcher args:	-jar "C:\Users\DELL™\Documents\Sqllites\test.exe"
Args length:	49/32768 chars
Exit code:	0


Version:	3.14
CmdLine:	C:\Users\DELL™\Documents\Sqllites\test.exe --l4j-debug
WOW64:		yes
Working dir:	C:\Users\DELL™\Documents\Sqllites\.
Java min ver:	1.008.000
Java max ver:	
64-bit search:	SOFTWARE\JavaSoft\Java Runtime Environment...
Check:		SOFTWARE\JavaSoft\Java Runtime Environment\1.8
Check launcher:	D:\software\bin\javaw.exe (OK)
Match:		1.008.000
Check:		SOFTWARE\JavaSoft\Java Runtime Environment\1.8.0_281
Check launcher:	D:\software\bin\javaw.exe (OK)
Match:		1.008.000_281
64-bit search:	SOFTWARE\JavaSoft\Java Development Kit...
Check:		SOFTWARE\JavaSoft\Java Development Kit\1.8
Ignore:		1.008.000
Check:		SOFTWARE\JavaSoft\Java Development Kit\1.8.0_281
Ignore:		1.008.000_281
64-bit search:	SOFTWARE\JavaSoft\JRE...
64-bit search:	SOFTWARE\JavaSoft\JDK...
Runtime used:	1.008.000_281 (64-bit)
Main class:	sqllites.Sqllites
Add classpath:	lib\sqlite-jdbc-3.32.3.2.jar
Add classpath:	lib\mysql-connector-java-8.0.23.jar
Launcher:	D:\software\bin\javaw.exe
Launcher args:	-classpath "C:\Users\DELL™\Documents\Sqllites\test.exe;lib\sqlite-jdbc-3.32.3.2.jar;lib\mysql-connector-java-8.0.23.jar" sqllites.Sqllites
Args length:	138/32768 chars
Exit code:	0


Version:	3.14
CmdLine:	C:\Users\DELL™\Documents\Sqllites\test.exe --l4j-debug
WOW64:		yes
Working dir:	C:\Users\DELL™\Documents\Sqllites\.
Java min ver:	1.008.000
Java max ver:	
64-bit search:	SOFTWARE\JavaSoft\Java Runtime Environment...
Check:		SOFTWARE\JavaSoft\Java Runtime Environment\1.8
Check launcher:	D:\software\bin\javaw.exe (OK)
Match:		1.008.000
Check:		SOFTWARE\JavaSoft\Java Runtime Environment\1.8.0_281
Check launcher:	D:\software\bin\javaw.exe (OK)
Match:		1.008.000_281
64-bit search:	SOFTWARE\JavaSoft\Java Development Kit...
Check:		SOFTWARE\JavaSoft\Java Development Kit\1.8
Ignore:		1.008.000
Check:		SOFTWARE\JavaSoft\Java Development Kit\1.8.0_281
Ignore:		1.008.000_281
64-bit search:	SOFTWARE\JavaSoft\JRE...
64-bit search:	SOFTWARE\JavaSoft\JDK...
Runtime used:	1.008.000_281 (64-bit)
Main class:	sqllites.Sqllites
Add classpath:	lib\sqlite-jdbc-3.32.3.2.jar
Add classpath:	lib\mysql-connector-java-8.0.23.jar
Launcher:	D:\software\bin\javaw.exe
Launcher args:	-classpath "C:\Users\DELL™\Documents\Sqllites\test.exe;lib\sqlite-jdbc-3.32.3.2.jar;lib\mysql-connector-java-8.0.23.jar" sqllites.Sqllites
Args length:	138/32768 chars
Exit code:	0


Version:	3.14
CmdLine:	C:\Users\DELL™\Documents\Sqllites\test.exe --l4j-debug
WOW64:		yes
Working dir:	C:\Users\DELL™\Documents\Sqllites\.
Java min ver:	1.008.000
Java max ver:	
64-bit search:	SOFTWARE\JavaSoft\Java Runtime Environment...
Check:		SOFTWARE\JavaSoft\Java Runtime Environment\1.8
Check launcher:	D:\software\bin\javaw.exe (OK)
Match:		1.008.000
Check:		SOFTWARE\JavaSoft\Java Runtime Environment\1.8.0_281
Check launcher:	D:\software\bin\javaw.exe (OK)
Match:		1.008.000_281
64-bit search:	SOFTWARE\JavaSoft\Java Development Kit...
Check:		SOFTWARE\JavaSoft\Java Development Kit\1.8
Ignore:		1.008.000
Check:		SOFTWARE\JavaSoft\Java Development Kit\1.8.0_281
Ignore:		1.008.000_281
64-bit search:	SOFTWARE\JavaSoft\JRE...
64-bit search:	SOFTWARE\JavaSoft\JDK...
Runtime used:	1.008.000_281 (64-bit)
Main class:	sqllites.Sqllites
Add classpath:	lib\sqlite-jdbc-3.32.3.2.jar
Add classpath:	lib\mysql-connector-java-8.0.23.jar
Launcher:	D:\software\bin\javaw.exe
Launcher args:	-classpath "C:\Users\DELL™\Documents\Sqllites\test.exe;lib\sqlite-jdbc-3.32.3.2.jar;lib\mysql-connector-java-8.0.23.jar" sqllites.Sqllites
Args length:	138/32768 chars
Exit code:	0


Version:	3.14
CmdLine:	C:\Users\DELL™\Documents\Sqllites\test.exe --l4j-debug
WOW64:		yes
Working dir:	C:\Users\DELL™\Documents\Sqllites\.
Java min ver:	1.008.000
Java max ver:	
64-bit search:	SOFTWARE\JavaSoft\Java Runtime Environment...
Check:		SOFTWARE\JavaSoft\Java Runtime Environment\1.8
Check launcher:	D:\software\bin\javaw.exe (OK)
Match:		1.008.000
Check:		SOFTWARE\JavaSoft\Java Runtime Environment\1.8.0_281
Check launcher:	D:\software\bin\javaw.exe (OK)
Match:		1.008.000_281
64-bit search:	SOFTWARE\JavaSoft\Java Development Kit...
Check:		SOFTWARE\JavaSoft\Java Development Kit\1.8
Ignore:		1.008.000
Check:		SOFTWARE\JavaSoft\Java Development Kit\1.8.0_281
Ignore:		1.008.000_281
64-bit search:	SOFTWARE\JavaSoft\JRE...
64-bit search:	SOFTWARE\JavaSoft\JDK...
Runtime used:	1.008.000_281 (64-bit)
Main class:	sqllites.Sqllites
Add classpath:	lib\sqlite-jdbc-3.32.3.2.jar
Add classpath:	lib\mysql-connector-java-8.0.23.jar
Launcher:	D:\software\bin\javaw.exe
Launcher args:	-classpath "C:\Users\DELL™\Documents\Sqllites\test.exe;lib\sqlite-jdbc-3.32.3.2.jar;lib\mysql-connector-java-8.0.23.jar" sqllites.Sqllites
Args length:	138/32768 chars
Exit code:	0


Version:	3.14
CmdLine:	C:\Users\DELL™\Documents\Sqllites\test1.exe --l4j-debug
WOW64:		yes
Working dir:	C:\Users\DELL™\Documents\Sqllites\.
Java min ver:	1.008.000
Java max ver:	
64-bit search:	SOFTWARE\JavaSoft\Java Runtime Environment...
Check:		SOFTWARE\JavaSoft\Java Runtime Environment\1.8
Check launcher:	D:\software\bin\javaw.exe (OK)
Match:		1.008.000
Check:		SOFTWARE\JavaSoft\Java Runtime Environment\1.8.0_281
Check launcher:	D:\software\bin\javaw.exe (OK)
Match:		1.008.000_281
64-bit search:	SOFTWARE\JavaSoft\Java Development Kit...
Check:		SOFTWARE\JavaSoft\Java Development Kit\1.8
Ignore:		1.008.000
Check:		SOFTWARE\JavaSoft\Java Development Kit\1.8.0_281
Ignore:		1.008.000_281
64-bit search:	SOFTWARE\JavaSoft\JRE...
64-bit search:	SOFTWARE\JavaSoft\JDK...
Runtime used:	1.008.000_281 (64-bit)
Main class:	sqllites.Sqllites
Add classpath:	lib\sqlite-jdbc-3.32.3.2.jar
Add classpath:	lib\mysql-connector-java-8.0.23.jar
Launcher:	D:\software\bin\javaw.exe
Launcher args:	-classpath "C:\Users\DELL™\Documents\Sqllites\test1.exe;lib\sqlite-jdbc-3.32.3.2.jar;lib\mysql-connector-java-8.0.23.jar" sqllites.Sqllites
Args length:	139/32768 chars
Exit code:	0


Version:	3.14
CmdLine:	C:\Users\DELL™\Documents\Sqllites\test1.exe --l4j-debug
WOW64:		yes
Working dir:	C:\Users\DELL™\Documents\Sqllites\.
Java min ver:	1.008.000
Java max ver:	
64-bit search:	SOFTWARE\JavaSoft\Java Runtime Environment...
Check:		SOFTWARE\JavaSoft\Java Runtime Environment\1.8
Check launcher:	D:\software\bin\javaw.exe (OK)
Match:		1.008.000
Check:		SOFTWARE\JavaSoft\Java Runtime Environment\1.8.0_281
Check launcher:	D:\software\bin\javaw.exe (OK)
Match:		1.008.000_281
64-bit search:	SOFTWARE\JavaSoft\Java Development Kit...
Check:		SOFTWARE\JavaSoft\Java Development Kit\1.8
Ignore:		1.008.000
Check:		SOFTWARE\JavaSoft\Java Development Kit\1.8.0_281
Ignore:		1.008.000_281
64-bit search:	SOFTWARE\JavaSoft\JRE...
64-bit search:	SOFTWARE\JavaSoft\JDK...
Runtime used:	1.008.000_281 (64-bit)
Main class:	sqllites.Sqllites
Add classpath:	lib\sqlite-jdbc-3.32.3.2.jar
Add classpath:	lib\mysql-connector-java-8.0.23.jar
Launcher:	D:\software\bin\javaw.exe
Launcher args:	-classpath "C:\Users\DELL™\Documents\Sqllites\test1.exe;lib\sqlite-jdbc-3.32.3.2.jar;lib\mysql-connector-java-8.0.23.jar" sqllites.Sqllites
Args length:	139/32768 chars
Exit code:	0


Version:	3.14
CmdLine:	C:\Users\DELL™\Documents\Sqllites\test1.exe --l4j-debug
WOW64:		yes
Working dir:	C:\Users\DELL™\Documents\Sqllites\.
Java min ver:	1.008.000
Java max ver:	
64-bit search:	SOFTWARE\JavaSoft\Java Runtime Environment...
Check:		SOFTWARE\JavaSoft\Java Runtime Environment\1.8
Check launcher:	D:\software\bin\javaw.exe (OK)
Match:		1.008.000
Check:		SOFTWARE\JavaSoft\Java Runtime Environment\1.8.0_281
Check launcher:	D:\software\bin\javaw.exe (OK)
Match:		1.008.000_281
64-bit search:	SOFTWARE\JavaSoft\Java Development Kit...
Check:		SOFTWARE\JavaSoft\Java Development Kit\1.8
Ignore:		1.008.000
Check:		SOFTWARE\JavaSoft\Java Development Kit\1.8.0_281
Ignore:		1.008.000_281
64-bit search:	SOFTWARE\JavaSoft\JRE...
64-bit search:	SOFTWARE\JavaSoft\JDK...
Runtime used:	1.008.000_281 (64-bit)
Main class:	sqllites.Sqllites
Add classpath:	lib\sqlite-jdbc-3.32.3.2.jar
Add classpath:	lib\mysql-connector-java-8.0.23.jar
Launcher:	D:\software\bin\javaw.exe
Launcher args:	-classpath "C:\Users\DELL™\Documents\Sqllites\test1.exe;lib\sqlite-jdbc-3.32.3.2.jar;lib\mysql-connector-java-8.0.23.jar" sqllites.Sqllites
Args length:	139/32768 chars
Exit code:	0
